<?xml version="1.0" encoding="UTF-8"?>
<!-- Generated by org.testng.reporters.JUnitXMLReporter -->
<testsuite ignored="2" hostname="LAPTOP-8TP6OQIJ" failures="0" tests="3" name="Test" time="12.099" errors="0" timestamp="2024-12-18T09:03:57 IST">
  <testcase classname="TestCases.RegisterTestCases" name="VerifyRegistrationWithBlankData" time="0.905"/>
  <testcase classname="TestCases.RegisterTestCases" name="VerifyRegistrationWithValidData" time="2.071"/>
  <testcase classname="TestCases.loginTestCases" name="verifyLoginWithValidData" time="1.333"/>
  <testcase classname="Resources.baseClass" name="@BeforeSuite setupReport" time="0.0">
    <ignored/>
  </testcase> <!-- @BeforeSuite setupReport -->
  <testcase classname="Resources.baseClass" name="@AfterSuite endReporttest" time="0.0">
    <ignored/>
  </testcase> <!-- @AfterSuite endReporttest -->
</testsuite> <!-- Test -->
