<?xml version="1.0" encoding="UTF-8"?>
<!-- Generated by org.testng.reporters.JUnitXMLReporter -->
<testsuite ignored="0" hostname="LAPTOP-8TP6OQIJ" failures="0" tests="4" name="Car insurance test cases" time="0.075" errors="0" timestamp="2024-05-07T10:01:52 IST">
  <testcase classname="testngconcepts.Demo1" name="method1" time="0.005"/>
  <testcase classname="testngconcepts.Demo1" name="method2" time="0.002"/>
  <testcase classname="testngconcepts.Demo2" name="method1" time="0.003"/>
  <testcase classname="testngconcepts.Demo2" name="method2" time="0.001"/>
</testsuite> <!-- Car insurance test cases -->
